0 info it worked if it ends with ok
1 verbose cli [ '/usr/local/bin/node',
1 verbose cli   '/usr/local/bin/npm',
1 verbose cli   'install',
1 verbose cli   'ngMessages' ]
2 info using npm@2.15.8
3 info using node@v4.4.7
4 verbose install initial load of /Users/takamaruetsuko/Desktop/final_project/package.json
5 warn package.json maps_test@1.0.0 No description
6 warn package.json maps_test@1.0.0 No repository field.
7 warn package.json maps_test@1.0.0 No README data
8 verbose installManyTop reading scoped package data from /Users/takamaruetsuko/Desktop/final_project/node_modules/angular-chart.js/package.json
9 verbose installManyTop reading scoped package data from /Users/takamaruetsuko/Desktop/final_project/node_modules/angular-google-maps/package.json
10 verbose installManyTop reading scoped package data from /Users/takamaruetsuko/Desktop/final_project/node_modules/angular-toastr/package.json
11 verbose installManyTop reading scoped package data from /Users/takamaruetsuko/Desktop/final_project/node_modules/angular-ui-bootstrap/package.json
12 verbose installManyTop reading scoped package data from /Users/takamaruetsuko/Desktop/final_project/node_modules/bcrypt/package.json
13 verbose installManyTop reading scoped package data from /Users/takamaruetsuko/Desktop/final_project/node_modules/body-parser/package.json
14 verbose installManyTop reading scoped package data from /Users/takamaruetsuko/Desktop/final_project/node_modules/bower/package.json
15 verbose installManyTop reading scoped package data from /Users/takamaruetsuko/Desktop/final_project/node_modules/chart.js/package.json
16 verbose installManyTop reading scoped package data from /Users/takamaruetsuko/Desktop/final_project/node_modules/express/package.json
17 verbose installManyTop reading scoped package data from /Users/takamaruetsuko/Desktop/final_project/node_modules/fs/package.json
18 verbose installManyTop reading scoped package data from /Users/takamaruetsuko/Desktop/final_project/node_modules/geolocation-marker/package.json
19 verbose installManyTop reading scoped package data from /Users/takamaruetsuko/Desktop/final_project/node_modules/jsonwebtoken/package.json
20 verbose installManyTop reading scoped package data from /Users/takamaruetsuko/Desktop/final_project/node_modules/multer/package.json
21 verbose installManyTop reading scoped package data from /Users/takamaruetsuko/Desktop/final_project/node_modules/pg/package.json
22 verbose installManyTop reading scoped package data from /Users/takamaruetsuko/Desktop/final_project/node_modules/pg-hstore/package.json
23 verbose installManyTop reading scoped package data from /Users/takamaruetsuko/Desktop/final_project/node_modules/request/package.json
24 verbose installManyTop reading scoped package data from /Users/takamaruetsuko/Desktop/final_project/node_modules/sequelize/package.json
25 verbose installManyTop reading scoped package data from /Users/takamaruetsuko/Desktop/final_project/node_modules/toastr/package.json
26 info package.json fs@0.0.2 fs is also the name of a node core module.
27 info package.json fs@0.0.2 No description
28 info package.json fs@0.0.2 No repository field.
29 info package.json fs@0.0.2 No README data
30 info package.json pg-hstore@2.3.2 No license field.
31 info package.json toastr@2.1.2 No license field.
32 verbose readDependencies loading dependencies from /Users/takamaruetsuko/Desktop/final_project/package.json
33 silly cache add args [ 'ngMessages', null ]
34 verbose cache add spec ngMessages
35 silly cache add parsed spec Result {
35 silly cache add   raw: 'ngMessages',
35 silly cache add   scope: null,
35 silly cache add   name: 'ngMessages',
35 silly cache add   rawSpec: '',
35 silly cache add   spec: 'latest',
35 silly cache add   type: 'tag' }
36 silly addNamed ngMessages@latest
37 verbose addNamed "latest" is being treated as a dist-tag for ngMessages
38 info addNameTag [ 'ngMessages', 'latest' ]
39 silly mapToRegistry name ngMessages
40 silly mapToRegistry using default registry
41 silly mapToRegistry registry https://registry.npmjs.org/
42 silly mapToRegistry data Result {
42 silly mapToRegistry   raw: 'ngMessages',
42 silly mapToRegistry   scope: null,
42 silly mapToRegistry   name: 'ngMessages',
42 silly mapToRegistry   rawSpec: '',
42 silly mapToRegistry   spec: 'latest',
42 silly mapToRegistry   type: 'tag' }
43 silly mapToRegistry uri https://registry.npmjs.org/ngMessages
44 verbose addNameTag registry:https://registry.npmjs.org/ngMessages not in flight; fetching
45 verbose request uri https://registry.npmjs.org/ngMessages
46 verbose request no auth needed
47 info attempt registry request try #1 at 1:32:39 PM
48 verbose request id f026d70eab65b183
49 http request GET https://registry.npmjs.org/ngMessages
50 http 404 https://registry.npmjs.org/ngMessages
51 verbose headers { 'content-type': 'application/json',
51 verbose headers   'cache-control': 'max-age=0',
51 verbose headers   'content-length': '2',
51 verbose headers   'accept-ranges': 'bytes',
51 verbose headers   date: 'Fri, 19 Aug 2016 17:32:40 GMT',
51 verbose headers   via: '1.1 varnish',
51 verbose headers   age: '0',
51 verbose headers   connection: 'keep-alive',
51 verbose headers   'x-served-by': 'cache-ord1734-ORD',
51 verbose headers   'x-cache': 'MISS',
51 verbose headers   'x-cache-hits': '0',
51 verbose headers   'x-timer': 'S1471627960.519618,VS0,VE90',
51 verbose headers   vary: 'Accept-Encoding' }
52 silly get cb [ 404,
52 silly get   { 'content-type': 'application/json',
52 silly get     'cache-control': 'max-age=0',
52 silly get     'content-length': '2',
52 silly get     'accept-ranges': 'bytes',
52 silly get     date: 'Fri, 19 Aug 2016 17:32:40 GMT',
52 silly get     via: '1.1 varnish',
52 silly get     age: '0',
52 silly get     connection: 'keep-alive',
52 silly get     'x-served-by': 'cache-ord1734-ORD',
52 silly get     'x-cache': 'MISS',
52 silly get     'x-cache-hits': '0',
52 silly get     'x-timer': 'S1471627960.519618,VS0,VE90',
52 silly get     vary: 'Accept-Encoding' } ]
53 verbose stack Error: Registry returned 404 for GET on https://registry.npmjs.org/ngMessages
53 verbose stack     at makeError (/usr/local/lib/node_modules/npm/node_modules/npm-registry-client/lib/request.js:264:12)
53 verbose stack     at CachingRegistryClient.<anonymous> (/usr/local/lib/node_modules/npm/node_modules/npm-registry-client/lib/request.js:242:14)
53 verbose stack     at Request._callback (/usr/local/lib/node_modules/npm/node_modules/npm-registry-client/lib/request.js:172:14)
53 verbose stack     at Request.self.callback (/usr/local/lib/node_modules/npm/node_modules/request/request.js:200:22)
53 verbose stack     at emitTwo (events.js:87:13)
53 verbose stack     at Request.emit (events.js:172:7)
53 verbose stack     at Request.<anonymous> (/usr/local/lib/node_modules/npm/node_modules/request/request.js:1067:10)
53 verbose stack     at emitOne (events.js:82:20)
53 verbose stack     at Request.emit (events.js:169:7)
53 verbose stack     at IncomingMessage.<anonymous> (/usr/local/lib/node_modules/npm/node_modules/request/request.js:988:12)
54 verbose statusCode 404
55 verbose pkgid ngMessages
56 verbose cwd /Users/takamaruetsuko/Desktop/final_project
57 error Darwin 14.5.0
58 error argv "/usr/local/bin/node" "/usr/local/bin/npm" "install" "ngMessages"
59 error node v4.4.7
60 error npm  v2.15.8
61 error code E404
62 error 404 Registry returned 404 for GET on https://registry.npmjs.org/ngMessages
62 error 404
62 error 404 'ngMessages' is not in the npm registry.
62 error 404 Your package name is not valid, because
62 error 404
62 error 404  1. name can no longer contain capital letters
62 error 404 It was specified as a dependency of 'maps_test'
62 error 404
62 error 404 Note that you can also install from a
62 error 404 tarball, folder, http url, or git url.
63 verbose exit [ 1, true ]
